[INFO] Scanning for projects...
[INFO] 
[INFO] --------------------< com.ahmadramadhan:mudahtitip >--------------------
[INFO] Building mudahtitip 0.0.1-SNAPSHOT
[INFO]   from pom.xml
[INFO] --------------------------------[ jar ]---------------------------------
[INFO] 
[INFO] >>> spring-boot:3.5.7:run (default-cli) > test-compile @ mudahtitip >>>
[INFO] 
[INFO] --- resources:3.3.1:resources (default-resources) @ mudahtitip ---
[INFO] Copying 2 resources from src/main/resources to target/classes
[INFO] Copying 0 resource from src/main/resources to target/classes
[INFO] 
[INFO] --- compiler:3.14.1:compile (default-compile) @ mudahtitip ---
[INFO] Nothing to compile - all classes are up to date.
[INFO] 
[INFO] --- resources:3.3.1:testResources (default-testResources) @ mudahtitip ---
[INFO] Copying 1 resource from src/test/resources to target/test-classes
[INFO] 
[INFO] --- compiler:3.14.1:testCompile (default-testCompile) @ mudahtitip ---
[INFO] Nothing to compile - all classes are up to date.
[INFO] 
[INFO] <<< spring-boot:3.5.7:run (default-cli) < test-compile @ mudahtitip <<<
[INFO] 
[INFO] 
[INFO] --- spring-boot:3.5.7:run (default-cli) @ mudahtitip ---
[INFO] Attaching agents: []

  .   ____          _            __ _ _
 /\\ / ___'_ __ _ _(_)_ __  __ _ \ \ \ \
( ( )\___ | '_ | '_| | '_ \/ _` | \ \ \ \
 \\/  ___)| |_)| | | | | || (_| |  ) ) ) )
  '  |____| .__|_| |_|_| |_\__, | / / / /
 =========|_|==============|___/=/_/_/_/

 :: Spring Boot ::                (v3.5.7)

2026-01-30T10:42:56.374+07:00  INFO 802909 --- [mudahtitip] [           main] c.a.mudahtitip.MudahtitipApplication     : Starting MudahtitipApplication using Java 17.0.17 with PID 802909 (/media/ahmadro/dev/dev/project/work/full-stack/mudah-titip/server/target/classes started by ahmadro in /media/ahmadro/dev/dev/project/work/full-stack/mudah-titip/server)
2026-01-30T10:42:56.378+07:00  INFO 802909 --- [mudahtitip] [           main] c.a.mudahtitip.MudahtitipApplication     : The following 1 profile is active: "dev"
2026-01-30T10:42:58.096+07:00  INFO 802909 --- [mudahtitip] [           main] .s.d.r.c.RepositoryConfigurationDelegate : Bootstrapping Spring Data JPA repositories in DEFAULT mode.
2026-01-30T10:42:58.292+07:00  INFO 802909 --- [mudahtitip] [           main] .s.d.r.c.RepositoryConfigurationDelegate : Finished Spring Data repository scanning in 179 ms. Found 6 JPA repository interfaces.
2026-01-30T10:42:59.302+07:00  INFO 802909 --- [mudahtitip] [           main] o.s.b.w.embedded.tomcat.TomcatWebServer  : Tomcat initialized with port 8080 (http)
2026-01-30T10:42:59.321+07:00  INFO 802909 --- [mudahtitip] [           main] o.apache.catalina.core.StandardService   : Starting service [Tomcat]
2026-01-30T10:42:59.322+07:00  INFO 802909 --- [mudahtitip] [           main] o.apache.catalina.core.StandardEngine    : Starting Servlet engine: [Apache Tomcat/10.1.48]
2026-01-30T10:42:59.389+07:00  INFO 802909 --- [mudahtitip] [           main] o.a.c.c.C.[Tomcat].[localhost].[/]       : Initializing Spring embedded WebApplicationContext
2026-01-30T10:42:59.390+07:00  INFO 802909 --- [mudahtitip] [           main] w.s.c.ServletWebServerApplicationContext : Root WebApplicationContext: initialization completed in 2940 ms
2026-01-30T10:42:59.719+07:00  INFO 802909 --- [mudahtitip] [           main] o.hibernate.jpa.internal.util.LogHelper  : HHH000204: Processing PersistenceUnitInfo [name: default]
2026-01-30T10:42:59.812+07:00  INFO 802909 --- [mudahtitip] [           main] org.hibernate.Version                    : HHH000412: Hibernate ORM core version 6.6.33.Final
2026-01-30T10:42:59.889+07:00  INFO 802909 --- [mudahtitip] [           main] o.h.c.internal.RegionFactoryInitiator    : HHH000026: Second-level cache disabled
2026-01-30T10:43:00.727+07:00  INFO 802909 --- [mudahtitip] [           main] o.s.o.j.p.SpringPersistenceUnitInfo      : No LoadTimeWeaver setup: ignoring JPA class transformer
2026-01-30T10:43:00.778+07:00  INFO 802909 --- [mudahtitip] [           main] com.zaxxer.hikari.HikariDataSource       : HikariPool-1 - Starting...
2026-01-30T10:43:01.060+07:00  INFO 802909 --- [mudahtitip] [           main] com.zaxxer.hikari.pool.HikariPool        : HikariPool-1 - Added connection com.mysql.cj.jdbc.ConnectionImpl@782cc5fa
2026-01-30T10:43:01.063+07:00  INFO 802909 --- [mudahtitip] [           main] com.zaxxer.hikari.HikariDataSource       : HikariPool-1 - Start completed.
2026-01-30T10:43:01.208+07:00  INFO 802909 --- [mudahtitip] [           main] org.hibernate.orm.connections.pooling    : HHH10001005: Database info:
	Database JDBC URL [Connecting through datasource 'HikariDataSource (HikariPool-1)']
	Database driver: undefined/unknown
	Database version: 8.0.44
	Autocommit mode: undefined/unknown
	Isolation level: undefined/unknown
	Minimum pool size: undefined/unknown
	Maximum pool size: undefined/unknown
2026-01-30T10:43:04.114+07:00  INFO 802909 --- [mudahtitip] [           main] o.h.e.t.j.p.i.JtaPlatformInitiator       : HHH000489: No JTA platform available (set 'hibernate.transaction.jta.platform' to enable JTA platform integration)
2026-01-30T10:43:04.272+07:00  INFO 802909 --- [mudahtitip] [           main] j.LocalContainerEntityManagerFactoryBean : Initialized JPA EntityManagerFactory for persistence unit 'default'
2026-01-30T10:43:05.434+07:00  INFO 802909 --- [mudahtitip] [           main] o.s.d.j.r.query.QueryEnhancerFactory     : Hibernate is in classpath; If applicable, HQL parser will be used.
2026-01-30T10:43:07.169+07:00  WARN 802909 --- [mudahtitip] [           main] JpaBaseConfiguration$JpaWebConfiguration : spring.jpa.open-in-view is enabled by default. Therefore, database queries may be performed during view rendering. Explicitly configure spring.jpa.open-in-view to disable this warning
2026-01-30T10:43:08.290+07:00  INFO 802909 --- [mudahtitip] [           main] o.s.b.w.embedded.tomcat.TomcatWebServer  : Tomcat started on port 8080 (http) with context path '/'
2026-01-30T10:43:08.307+07:00  INFO 802909 --- [mudahtitip] [           main] c.a.mudahtitip.MudahtitipApplication     : Started MudahtitipApplication in 12.651 seconds (process running for 13.743)
2026-01-30T10:43:17.208+07:00  INFO 802909 --- [mudahtitip] [nio-8080-exec-1] o.a.c.c.C.[Tomcat].[localhost].[/]       : Initializing Spring DispatcherServlet 'dispatcherServlet'
2026-01-30T10:43:17.208+07:00  INFO 802909 --- [mudahtitip] [nio-8080-exec-1] o.s.web.servlet.DispatcherServlet        : Initializing Servlet 'dispatcherServlet'
2026-01-30T10:43:17.210+07:00  INFO 802909 --- [mudahtitip] [nio-8080-exec-1] o.s.web.servlet.DispatcherServlet        : Completed initialization in 1 ms
Hibernate: select u1_0.id from users u1_0 where u1_0.email=? limit ?
Hibernate: insert into users (created_at,email,name,password_hash,phone,role,updated_at) values (?,?,?,?,?,?,?)
Hibernate: select u1_0.id,u1_0.created_at,u1_0.email,u1_0.name,u1_0.password_hash,u1_0.phone,u1_0.role,u1_0.updated_at from users u1_0 where u1_0.email=?
Hibernate: select s1_0.id,s1_0.address,s1_0.created_at,s1_0.description,s1_0.is_active,s1_0.name,s1_0.owner_id,o1_0.id,o1_0.created_at,o1_0.email,o1_0.name,o1_0.password_hash,o1_0.phone,o1_0.role,o1_0.updated_at,s1_0.phone,s1_0.updated_at from shops s1_0 join users o1_0 on o1_0.id=s1_0.owner_id where s1_0.owner_id=?
Hibernate: select u1_0.id,u1_0.created_at,u1_0.email,u1_0.name,u1_0.password_hash,u1_0.phone,u1_0.role,u1_0.updated_at from users u1_0 where u1_0.email=?
Hibernate: select s1_0.id,s1_0.address,s1_0.created_at,s1_0.description,s1_0.is_active,s1_0.name,s1_0.owner_id,o1_0.id,o1_0.created_at,o1_0.email,o1_0.name,o1_0.password_hash,o1_0.phone,o1_0.role,o1_0.updated_at,s1_0.phone,s1_0.updated_at from shops s1_0 join users o1_0 on o1_0.id=s1_0.owner_id where s1_0.owner_id=?
Hibernate: select u1_0.id,u1_0.created_at,u1_0.email,u1_0.name,u1_0.password_hash,u1_0.phone,u1_0.role,u1_0.updated_at from users u1_0 where u1_0.email=?
Hibernate: select s1_0.id,s1_0.address,s1_0.created_at,s1_0.description,s1_0.is_active,s1_0.name,s1_0.owner_id,o1_0.id,o1_0.created_at,o1_0.email,o1_0.name,o1_0.password_hash,o1_0.phone,o1_0.role,o1_0.updated_at,s1_0.phone,s1_0.updated_at from shops s1_0 join users o1_0 on o1_0.id=s1_0.owner_id where s1_0.owner_id=?
Hibernate: select u1_0.id,u1_0.created_at,u1_0.email,u1_0.name,u1_0.password_hash,u1_0.phone,u1_0.role,u1_0.updated_at from users u1_0 where u1_0.email=?
Hibernate: select s1_0.id,s1_0.address,s1_0.created_at,s1_0.description,s1_0.is_active,s1_0.name,s1_0.owner_id,o1_0.id,o1_0.created_at,o1_0.email,o1_0.name,o1_0.password_hash,o1_0.phone,o1_0.role,o1_0.updated_at,s1_0.phone,s1_0.updated_at from shops s1_0 join users o1_0 on o1_0.id=s1_0.owner_id where s1_0.owner_id=?
Hibernate: select u1_0.id,u1_0.created_at,u1_0.email,u1_0.name,u1_0.password_hash,u1_0.phone,u1_0.role,u1_0.updated_at from users u1_0 where u1_0.email=?
Hibernate: select s1_0.id,s1_0.address,s1_0.created_at,s1_0.description,s1_0.is_active,s1_0.name,s1_0.owner_id,o1_0.id,o1_0.created_at,o1_0.email,o1_0.name,o1_0.password_hash,o1_0.phone,o1_0.role,o1_0.updated_at,s1_0.phone,s1_0.updated_at from shops s1_0 join users o1_0 on o1_0.id=s1_0.owner_id where s1_0.owner_id=?
Hibernate: select u1_0.id,u1_0.created_at,u1_0.email,u1_0.name,u1_0.password_hash,u1_0.phone,u1_0.role,u1_0.updated_at from users u1_0 where u1_0.email=?
Hibernate: select s1_0.id,s1_0.address,s1_0.created_at,s1_0.description,s1_0.is_active,s1_0.name,s1_0.owner_id,o1_0.id,o1_0.created_at,o1_0.email,o1_0.name,o1_0.password_hash,o1_0.phone,o1_0.role,o1_0.updated_at,s1_0.phone,s1_0.updated_at from shops s1_0 join users o1_0 on o1_0.id=s1_0.owner_id where s1_0.owner_id=?
Hibernate: select u1_0.id,u1_0.created_at,u1_0.email,u1_0.name,u1_0.password_hash,u1_0.phone,u1_0.role,u1_0.updated_at from users u1_0 where u1_0.email=?
Hibernate: select s1_0.id,s1_0.address,s1_0.created_at,s1_0.description,s1_0.is_active,s1_0.name,s1_0.owner_id,o1_0.id,o1_0.created_at,o1_0.email,o1_0.name,o1_0.password_hash,o1_0.phone,o1_0.role,o1_0.updated_at,s1_0.phone,s1_0.updated_at from shops s1_0 join users o1_0 on o1_0.id=s1_0.owner_id where s1_0.owner_id=?
Hibernate: select u1_0.id,u1_0.created_at,u1_0.email,u1_0.name,u1_0.password_hash,u1_0.phone,u1_0.role,u1_0.updated_at from users u1_0 where u1_0.email=?
Hibernate: select s1_0.id,s1_0.address,s1_0.created_at,s1_0.description,s1_0.is_active,s1_0.name,s1_0.owner_id,o1_0.id,o1_0.created_at,o1_0.email,o1_0.name,o1_0.password_hash,o1_0.phone,o1_0.role,o1_0.updated_at,s1_0.phone,s1_0.updated_at from shops s1_0 join users o1_0 on o1_0.id=s1_0.owner_id where s1_0.owner_id=?
Hibernate: select u1_0.id,u1_0.created_at,u1_0.email,u1_0.name,u1_0.password_hash,u1_0.phone,u1_0.role,u1_0.updated_at from users u1_0 where u1_0.email=?
Hibernate: select s1_0.id,s1_0.address,s1_0.created_at,s1_0.description,s1_0.is_active,s1_0.name,s1_0.owner_id,o1_0.id,o1_0.created_at,o1_0.email,o1_0.name,o1_0.password_hash,o1_0.phone,o1_0.role,o1_0.updated_at,s1_0.phone,s1_0.updated_at from shops s1_0 join users o1_0 on o1_0.id=s1_0.owner_id where s1_0.owner_id=?
Hibernate: select u1_0.id,u1_0.created_at,u1_0.email,u1_0.name,u1_0.password_hash,u1_0.phone,u1_0.role,u1_0.updated_at from users u1_0 where u1_0.email=?
Hibernate: select s1_0.id,s1_0.address,s1_0.created_at,s1_0.description,s1_0.is_active,s1_0.name,s1_0.owner_id,o1_0.id,o1_0.created_at,o1_0.email,o1_0.name,o1_0.password_hash,o1_0.phone,o1_0.role,o1_0.updated_at,s1_0.phone,s1_0.updated_at from shops s1_0 join users o1_0 on o1_0.id=s1_0.owner_id where s1_0.owner_id=?
Hibernate: select u1_0.id,u1_0.created_at,u1_0.email,u1_0.name,u1_0.password_hash,u1_0.phone,u1_0.role,u1_0.updated_at from users u1_0 where u1_0.email=?
Hibernate: select s1_0.id,s1_0.address,s1_0.created_at,s1_0.description,s1_0.is_active,s1_0.name,s1_0.owner_id,o1_0.id,o1_0.created_at,o1_0.email,o1_0.name,o1_0.password_hash,o1_0.phone,o1_0.role,o1_0.updated_at,s1_0.phone,s1_0.updated_at from shops s1_0 join users o1_0 on o1_0.id=s1_0.owner_id where s1_0.owner_id=?
2026-01-30T20:38:33.537+07:00  INFO 802909 --- [mudahtitip] [ionShutdownHook] o.s.b.w.e.tomcat.GracefulShutdown        : Commencing graceful shutdown. Waiting for active requests to complete
2026-01-30T20:38:33.540+07:00  INFO 802909 --- [mudahtitip] [tomcat-shutdown] o.s.b.w.e.tomcat.GracefulShutdown        : Graceful shutdown complete
2026-01-30T20:38:33.588+07:00  INFO 802909 --- [mudahtitip] [ionShutdownHook] j.LocalContainerEntityManagerFactoryBean : Closing JPA EntityManagerFactory for persistence unit 'default'
2026-01-30T20:38:33.614+07:00  INFO 802909 --- [mudahtitip] [ionShutdownHook] com.zaxxer.hikari.HikariDataSource       : HikariPool-1 - Shutdown initiated...
2026-01-30T20:38:33.619+07:00  INFO 802909 --- [mudahtitip] [ionShutdownHook] com.zaxxer.hikari.HikariDataSource       : HikariPool-1 - Shutdown completed.
[INFO] ------------------------------------------------------------------------
[INFO] BUILD FAILURE
[INFO] ------------------------------------------------------------------------
[INFO] Total time:  09:55 h
[INFO] Finished at: 2026-01-30T20:38:33+07:00
[INFO] ------------------------------------------------------------------------
[ERROR] Failed to execute goal org.springframework.boot:spring-boot-maven-plugin:3.5.7:run (default-cli) on project mudahtitip: Process terminated with exit code: 143 -> [Help 1]
[ERROR] 
[ERROR] To see the full stack trace of the errors, re-run Maven with the -e switch.
[ERROR] Re-run Maven using the -X switch to enable full debug logging.
[ERROR] 
[ERROR] For more information about the errors and possible solutions, please read the following articles:
[ERROR] [Help 1] http://cwiki.apache.org/confluence/display/MAVEN/MojoExecutionException
